WARNING 2019-04-23 20:00:15,984 base 152 Not Found: /
WARNING 2019-04-23 20:00:15,995 basehttp 124 "GET / HTTP/1.1" 404 2105
WARNING 2019-04-23 20:00:16,107 base 152 Not Found: /favicon.ico
WARNING 2019-04-23 20:00:16,108 basehttp 124 "GET /favicon.ico HTTP/1.1" 404 2156
WARNING 2019-04-23 20:01:12,359 base 152 Not Found: /index
WARNING 2019-04-23 20:01:12,360 basehttp 124 "GET /index HTTP/1.1" 404 2138
WARNING 2019-04-23 20:01:40,788 base 152 Not Found: /image_codes/1
WARNING 2019-04-23 20:01:40,790 basehttp 124 "GET /image_codes/1 HTTP/1.1" 404 2162
WARNING 2019-04-23 20:02:33,259 base 152 Not Found: /image_codes/1
WARNING 2019-04-23 20:02:33,260 basehttp 124 "GET /image_codes/1 HTTP/1.1" 404 2165
WARNING 2019-04-23 20:02:34,293 base 152 Not Found: /image_codes/1
WARNING 2019-04-23 20:02:34,295 basehttp 124 "GET /image_codes/1 HTTP/1.1" 404 2165
WARNING 2019-04-23 20:03:47,308 base 152 Not Found: /image_codes/1
WARNING 2019-04-23 20:03:47,310 basehttp 124 "GET /image_codes/1 HTTP/1.1" 404 2165
WARNING 2019-04-23 20:03:48,053 base 152 Not Found: /image_codes/1
WARNING 2019-04-23 20:03:48,054 basehttp 124 "GET /image_codes/1 HTTP/1.1" 404 2165
WARNING 2019-04-23 20:03:48,284 base 152 Not Found: /image_codes/1
WARNING 2019-04-23 20:03:48,285 basehttp 124 "GET /image_codes/1 HTTP/1.1" 404 2165
WARNING 2019-04-23 20:03:48,487 base 152 Not Found: /image_codes/1
WARNING 2019-04-23 20:03:48,488 basehttp 124 "GET /image_codes/1 HTTP/1.1" 404 2165
WARNING 2019-04-23 20:03:48,683 base 152 Not Found: /image_codes/1
WARNING 2019-04-23 20:03:48,684 basehttp 124 "GET /image_codes/1 HTTP/1.1" 404 2165
WARNING 2019-04-23 20:03:53,968 base 152 Not Found: /image_codes/1
WARNING 2019-04-23 20:03:53,969 basehttp 124 "GET /image_codes/1 HTTP/1.1" 404 2165
INFO 2019-04-23 20:04:22,994 basehttp 124 "GET /image_codes/1 HTTP/1.1" 301 0
ERROR 2019-04-23 20:04:23,118 exception 135 Internal Server Error: /image_codes/1/
Traceback (most recent call last):
  File "/root/.local/lib/python3.6/site-packages/redis/connection.py", line 492, in connect
    sock = self._connect()
  File "/root/.local/lib/python3.6/site-packages/redis/connection.py", line 550, in _connect
    raise err
  File "/root/.local/lib/python3.6/site-packages/redis/connection.py", line 538, in _connect
    sock.connect(socket_address)
OSError: [Errno 113] No route to host

During handling of the above exception, another exception occurred:

Traceback (most recent call last):
  File "/usr/local/python3/lib/python3.6/site-packages/rest_framework/views.py", line 492, in dispatch
    response = handler(request, *args, **kwargs)
  File "/etc/my_object/meiduo/meiduo_mall/meiduo_mall/apps/verifications/views.py", line 18, in get
    redis_conn.setex("img_%s"%image_code_id,constants.IMAGE_CODE_REDIS_EXPRIES,text)
  File "/root/.local/lib/python3.6/site-packages/redis/client.py", line 1472, in setex
    return self.execute_command('SETEX', name, time, value)
  File "/root/.local/lib/python3.6/site-packages/redis/client.py", line 772, in execute_command
    connection = pool.get_connection(command_name, **options)
  File "/root/.local/lib/python3.6/site-packages/redis/connection.py", line 994, in get_connection
    connection.connect()
  File "/root/.local/lib/python3.6/site-packages/redis/connection.py", line 497, in connect
    raise ConnectionError(self._error_message(e))
redis.exceptions.ConnectionError: Error 113 connecting to 192.168.4.1:6379. No route to host.

During handling of the above exception, another exception occurred:

Traceback (most recent call last):
  File "/usr/local/python3/lib/python3.6/site-packages/rest_framework/settings.py", line 184, in import_from_string
    return getattr(module, class_name)
AttributeError: module 'meiduo_mall.utils.exceptions' has no attribute 'exception_handler'

During handling of the above exception, another exception occurred:

Traceback (most recent call last):
  File "/usr/local/python3/lib/python3.6/site-packages/django/core/handlers/exception.py", line 41, in inner
    response = get_response(request)
  File "/usr/local/python3/lib/python3.6/site-packages/django/core/handlers/base.py", line 187, in _get_response
    response = self.process_exception_by_middleware(e, request)
  File "/usr/local/python3/lib/python3.6/site-packages/django/core/handlers/base.py", line 185, in _get_response
    response = wrapped_callback(request, *callback_args, **callback_kwargs)
  File "/usr/local/python3/lib/python3.6/site-packages/django/views/decorators/csrf.py", line 58, in wrapped_view
    return view_func(*args, **kwargs)
  File "/usr/local/python3/lib/python3.6/site-packages/django/views/generic/base.py", line 68, in view
    return self.dispatch(request, *args, **kwargs)
  File "/usr/local/python3/lib/python3.6/site-packages/rest_framework/views.py", line 495, in dispatch
    response = self.handle_exception(exc)
  File "/usr/local/python3/lib/python3.6/site-packages/rest_framework/views.py", line 449, in handle_exception
    exception_handler = self.get_exception_handler()
  File "/usr/local/python3/lib/python3.6/site-packages/rest_framework/views.py", line 300, in get_exception_handler
    return self.settings.EXCEPTION_HANDLER
  File "/usr/local/python3/lib/python3.6/site-packages/rest_framework/settings.py", line 227, in __getattr__
    val = perform_import(val, attr)
  File "/usr/local/python3/lib/python3.6/site-packages/rest_framework/settings.py", line 170, in perform_import
    return import_from_string(val, setting_name)
  File "/usr/local/python3/lib/python3.6/site-packages/rest_framework/settings.py", line 187, in import_from_string
    raise ImportError(msg)
ImportError: Could not import 'meiduo_mall.utils.exceptions.exception_handler' for API setting 'EXCEPTION_HANDLER'. AttributeError: module 'meiduo_mall.utils.exceptions' has no attribute 'exception_handler'.
ERROR 2019-04-23 20:04:23,337 basehttp 124 "GET /image_codes/1/ HTTP/1.1" 500 151527
ERROR 2019-04-23 20:05:52,245 exceptions 21 [<verifications.views.ImageCodeView object at 0x7fec07b39160>] Error 113 connecting to 192.168.4.1:6379. No route to host.
ERROR 2019-04-23 20:05:52,274 exception 135 Internal Server Error: /image_codes/1/
Traceback (most recent call last):
  File "/usr/local/python3/lib/python3.6/site-packages/django/core/handlers/exception.py", line 41, in inner
    response = get_response(request)
  File "/usr/local/python3/lib/python3.6/site-packages/django/core/handlers/base.py", line 217, in _get_response
    response = self.process_exception_by_middleware(e, request)
  File "/usr/local/python3/lib/python3.6/site-packages/django/core/handlers/base.py", line 215, in _get_response
    response = response.render()
  File "/usr/local/python3/lib/python3.6/site-packages/django/template/response.py", line 107, in render
    self.content = self.rendered_content
  File "/usr/local/python3/lib/python3.6/site-packages/rest_framework/response.py", line 72, in rendered_content
    ret = renderer.render(self.data, accepted_media_type, context)
  File "/usr/local/python3/lib/python3.6/site-packages/rest_framework/renderers.py", line 732, in render
    template = loader.get_template(self.template)
  File "/usr/local/python3/lib/python3.6/site-packages/django/template/loader.py", line 25, in get_template
    raise TemplateDoesNotExist(template_name, chain=chain)
django.template.exceptions.TemplateDoesNotExist: rest_framework/api.html
ERROR 2019-04-23 20:05:52,352 basehttp 124 "GET /image_codes/1/ HTTP/1.1" 500 86016
ERROR 2019-04-23 20:06:17,654 exceptions 21 [<verifications.views.ImageCodeView object at 0x7f3d151f9c50>] Error 113 connecting to 192.168.4.1:6379. No route to host.
ERROR 2019-04-23 20:06:17,658 exception 135 Internal Server Error: /image_codes/1/
Traceback (most recent call last):
  File "/usr/local/python3/lib/python3.6/site-packages/django/core/handlers/exception.py", line 41, in inner
    response = get_response(request)
  File "/usr/local/python3/lib/python3.6/site-packages/django/core/handlers/base.py", line 217, in _get_response
    response = self.process_exception_by_middleware(e, request)
  File "/usr/local/python3/lib/python3.6/site-packages/django/core/handlers/base.py", line 215, in _get_response
    response = response.render()
  File "/usr/local/python3/lib/python3.6/site-packages/django/template/response.py", line 107, in render
    self.content = self.rendered_content
  File "/usr/local/python3/lib/python3.6/site-packages/rest_framework/response.py", line 72, in rendered_content
    ret = renderer.render(self.data, accepted_media_type, context)
  File "/usr/local/python3/lib/python3.6/site-packages/rest_framework/renderers.py", line 732, in render
    template = loader.get_template(self.template)
  File "/usr/local/python3/lib/python3.6/site-packages/django/template/loader.py", line 25, in get_template
    raise TemplateDoesNotExist(template_name, chain=chain)
django.template.exceptions.TemplateDoesNotExist: rest_framework/api.html
ERROR 2019-04-23 20:06:17,750 basehttp 124 "GET /image_codes/1/ HTTP/1.1" 500 86016
ERROR 2019-04-23 20:07:56,495 exceptions 21 [<verifications.views.ImageCodeView object at 0x7fdc56a29780>] Error 113 connecting to 192.168.4.1:6379. No route to host.
ERROR 2019-04-23 20:07:56,500 exception 135 Internal Server Error: /image_codes/1/
Traceback (most recent call last):
  File "/usr/local/python3/lib/python3.6/site-packages/django/core/handlers/exception.py", line 41, in inner
    response = get_response(request)
  File "/usr/local/python3/lib/python3.6/site-packages/django/core/handlers/base.py", line 217, in _get_response
    response = self.process_exception_by_middleware(e, request)
  File "/usr/local/python3/lib/python3.6/site-packages/django/core/handlers/base.py", line 215, in _get_response
    response = response.render()
  File "/usr/local/python3/lib/python3.6/site-packages/django/template/response.py", line 107, in render
    self.content = self.rendered_content
  File "/usr/local/python3/lib/python3.6/site-packages/rest_framework/response.py", line 72, in rendered_content
    ret = renderer.render(self.data, accepted_media_type, context)
  File "/usr/local/python3/lib/python3.6/site-packages/rest_framework/renderers.py", line 732, in render
    template = loader.get_template(self.template)
  File "/usr/local/python3/lib/python3.6/site-packages/django/template/loader.py", line 25, in get_template
    raise TemplateDoesNotExist(template_name, chain=chain)
django.template.exceptions.TemplateDoesNotExist: rest_framework/api.html
ERROR 2019-04-23 20:07:56,577 basehttp 124 "GET /image_codes/1/ HTTP/1.1" 500 86016
ERROR 2019-04-23 20:07:58,164 exceptions 21 [<verifications.views.ImageCodeView object at 0x7fdc54b82710>] Error 113 connecting to 192.168.4.1:6379. No route to host.
ERROR 2019-04-23 20:07:58,166 exception 135 Internal Server Error: /image_codes/1/
Traceback (most recent call last):
  File "/usr/local/python3/lib/python3.6/site-packages/django/core/handlers/exception.py", line 41, in inner
    response = get_response(request)
  File "/usr/local/python3/lib/python3.6/site-packages/django/core/handlers/base.py", line 217, in _get_response
    response = self.process_exception_by_middleware(e, request)
  File "/usr/local/python3/lib/python3.6/site-packages/django/core/handlers/base.py", line 215, in _get_response
    response = response.render()
  File "/usr/local/python3/lib/python3.6/site-packages/django/template/response.py", line 107, in render
    self.content = self.rendered_content
  File "/usr/local/python3/lib/python3.6/site-packages/rest_framework/response.py", line 72, in rendered_content
    ret = renderer.render(self.data, accepted_media_type, context)
  File "/usr/local/python3/lib/python3.6/site-packages/rest_framework/renderers.py", line 732, in render
    template = loader.get_template(self.template)
  File "/usr/local/python3/lib/python3.6/site-packages/django/template/loader.py", line 25, in get_template
    raise TemplateDoesNotExist(template_name, chain=chain)
django.template.exceptions.TemplateDoesNotExist: rest_framework/api.html
ERROR 2019-04-23 20:07:58,230 basehttp 124 "GET /image_codes/1/ HTTP/1.1" 500 86017
ERROR 2019-04-23 20:07:59,137 exceptions 21 [<verifications.views.ImageCodeView object at 0x7fdc54b86a58>] Error 113 connecting to 192.168.4.1:6379. No route to host.
ERROR 2019-04-23 20:07:59,139 exception 135 Internal Server Error: /image_codes/1/
Traceback (most recent call last):
  File "/usr/local/python3/lib/python3.6/site-packages/django/core/handlers/exception.py", line 41, in inner
    response = get_response(request)
  File "/usr/local/python3/lib/python3.6/site-packages/django/core/handlers/base.py", line 217, in _get_response
    response = self.process_exception_by_middleware(e, request)
  File "/usr/local/python3/lib/python3.6/site-packages/django/core/handlers/base.py", line 215, in _get_response
    response = response.render()
  File "/usr/local/python3/lib/python3.6/site-packages/django/template/response.py", line 107, in render
    self.content = self.rendered_content
  File "/usr/local/python3/lib/python3.6/site-packages/rest_framework/response.py", line 72, in rendered_content
    ret = renderer.render(self.data, accepted_media_type, context)
  File "/usr/local/python3/lib/python3.6/site-packages/rest_framework/renderers.py", line 732, in render
    template = loader.get_template(self.template)
  File "/usr/local/python3/lib/python3.6/site-packages/django/template/loader.py", line 25, in get_template
    raise TemplateDoesNotExist(template_name, chain=chain)
django.template.exceptions.TemplateDoesNotExist: rest_framework/api.html
ERROR 2019-04-23 20:07:59,212 basehttp 124 "GET /image_codes/1/ HTTP/1.1" 500 86016
ERROR 2019-04-23 20:07:59,703 exceptions 21 [<verifications.views.ImageCodeView object at 0x7fdc54b2a4e0>] Error 113 connecting to 192.168.4.1:6379. No route to host.
ERROR 2019-04-23 20:07:59,704 exception 135 Internal Server Error: /image_codes/1/
Traceback (most recent call last):
  File "/usr/local/python3/lib/python3.6/site-packages/django/core/handlers/exception.py", line 41, in inner
    response = get_response(request)
  File "/usr/local/python3/lib/python3.6/site-packages/django/core/handlers/base.py", line 217, in _get_response
    response = self.process_exception_by_middleware(e, request)
  File "/usr/local/python3/lib/python3.6/site-packages/django/core/handlers/base.py", line 215, in _get_response
    response = response.render()
  File "/usr/local/python3/lib/python3.6/site-packages/django/template/response.py", line 107, in render
    self.content = self.rendered_content
  File "/usr/local/python3/lib/python3.6/site-packages/rest_framework/response.py", line 72, in rendered_content
    ret = renderer.render(self.data, accepted_media_type, context)
  File "/usr/local/python3/lib/python3.6/site-packages/rest_framework/renderers.py", line 732, in render
    template = loader.get_template(self.template)
  File "/usr/local/python3/lib/python3.6/site-packages/django/template/loader.py", line 25, in get_template
    raise TemplateDoesNotExist(template_name, chain=chain)
django.template.exceptions.TemplateDoesNotExist: rest_framework/api.html
ERROR 2019-04-23 20:07:59,772 basehttp 124 "GET /image_codes/1/ HTTP/1.1" 500 86016
ERROR 2019-04-23 20:08:00,096 exceptions 21 [<verifications.views.ImageCodeView object at 0x7fdc54b13128>] Error 113 connecting to 192.168.4.1:6379. No route to host.
ERROR 2019-04-23 20:08:00,099 exception 135 Internal Server Error: /image_codes/1/
Traceback (most recent call last):
  File "/usr/local/python3/lib/python3.6/site-packages/django/core/handlers/exception.py", line 41, in inner
    response = get_response(request)
  File "/usr/local/python3/lib/python3.6/site-packages/django/core/handlers/base.py", line 217, in _get_response
    response = self.process_exception_by_middleware(e, request)
  File "/usr/local/python3/lib/python3.6/site-packages/django/core/handlers/base.py", line 215, in _get_response
    response = response.render()
  File "/usr/local/python3/lib/python3.6/site-packages/django/template/response.py", line 107, in render
    self.content = self.rendered_content
  File "/usr/local/python3/lib/python3.6/site-packages/rest_framework/response.py", line 72, in rendered_content
    ret = renderer.render(self.data, accepted_media_type, context)
  File "/usr/local/python3/lib/python3.6/site-packages/rest_framework/renderers.py", line 732, in render
    template = loader.get_template(self.template)
  File "/usr/local/python3/lib/python3.6/site-packages/django/template/loader.py", line 25, in get_template
    raise TemplateDoesNotExist(template_name, chain=chain)
django.template.exceptions.TemplateDoesNotExist: rest_framework/api.html
ERROR 2019-04-23 20:08:00,195 basehttp 124 "GET /image_codes/1/ HTTP/1.1" 500 86016
ERROR 2019-04-23 20:09:57,162 exceptions 21 [<verifications.views.ImageCodeView object at 0x7f4ce5028dd8>] Error 113 connecting to 192.168.4.1:6379. No route to host.
ERROR 2019-04-23 20:09:57,165 exception 135 Internal Server Error: /image_codes/1/
Traceback (most recent call last):
  File "/usr/local/python3/lib/python3.6/site-packages/django/core/handlers/exception.py", line 41, in inner
    response = get_response(request)
  File "/usr/local/python3/lib/python3.6/site-packages/django/core/handlers/base.py", line 217, in _get_response
    response = self.process_exception_by_middleware(e, request)
  File "/usr/local/python3/lib/python3.6/site-packages/django/core/handlers/base.py", line 215, in _get_response
    response = response.render()
  File "/usr/local/python3/lib/python3.6/site-packages/django/template/response.py", line 107, in render
    self.content = self.rendered_content
  File "/usr/local/python3/lib/python3.6/site-packages/rest_framework/response.py", line 72, in rendered_content
    ret = renderer.render(self.data, accepted_media_type, context)
  File "/usr/local/python3/lib/python3.6/site-packages/rest_framework/renderers.py", line 732, in render
    template = loader.get_template(self.template)
  File "/usr/local/python3/lib/python3.6/site-packages/django/template/loader.py", line 25, in get_template
    raise TemplateDoesNotExist(template_name, chain=chain)
django.template.exceptions.TemplateDoesNotExist: rest_framework/api.html
ERROR 2019-04-23 20:09:57,247 basehttp 124 "GET /image_codes/1/ HTTP/1.1" 500 86016
ERROR 2019-04-23 20:10:49,186 exceptions 21 [<verifications.views.ImageCodeView object at 0x7fecf8e48470>] Error 113 connecting to 192.168.4.1:6379. No route to host.
ERROR 2019-04-23 20:10:49,295 basehttp 124 "GET /image_codes/1/ HTTP/1.1" 507 5292
INFO 2019-04-23 20:10:49,325 basehttp 124 "GET /static/rest_framework/css/prettify.css HTTP/1.1" 200 817
INFO 2019-04-23 20:10:49,331 basehttp 124 "GET /static/rest_framework/css/default.css HTTP/1.1" 200 1131
INFO 2019-04-23 20:10:49,335 basehttp 124 "GET /static/rest_framework/css/bootstrap-tweaks.css HTTP/1.1" 200 3385
INFO 2019-04-23 20:10:49,341 basehttp 124 "GET /static/rest_framework/js/ajax-form.js HTTP/1.1" 200 3597
INFO 2019-04-23 20:10:49,357 basehttp 124 "GET /static/rest_framework/css/bootstrap.min.css HTTP/1.1" 200 121457
INFO 2019-04-23 20:10:49,365 basehttp 124 "GET /static/rest_framework/js/default.js HTTP/1.1" 200 1268
INFO 2019-04-23 20:10:49,366 basehttp 124 "GET /static/rest_framework/js/csrf.js HTTP/1.1" 200 1719
INFO 2019-04-23 20:10:49,367 basehttp 124 "GET /static/rest_framework/js/jquery-3.3.1.min.js HTTP/1.1" 200 86927
INFO 2019-04-23 20:10:49,368 basehttp 124 "GET /static/rest_framework/js/prettify-min.js HTTP/1.1" 200 13632
INFO 2019-04-23 20:10:49,368 basehttp 124 "GET /static/rest_framework/js/bootstrap.min.js HTTP/1.1" 200 37608
INFO 2019-04-23 20:10:49,376 basehttp 124 "GET /static/rest_framework/img/grid.png HTTP/1.1" 200 1458
INFO 2019-04-23 20:11:46,901 basehttp 124 "GET /image_codes/1/ HTTP/1.1" 200 3347
INFO 2019-04-23 21:03:38,678 basehttp 124 "GET /image_codes/faf79c85-73e3-49d8-9372-b583b9425f62/ HTTP/1.1" 200 3316
INFO 2019-04-23 21:03:44,005 basehttp 124 "GET /image_codes/da0c7b8e-e49d-40e8-8b31-462e33f18dae/ HTTP/1.1" 200 3190
INFO 2019-04-23 21:03:44,963 basehttp 124 "GET /image_codes/7d4431f0-1d25-4859-a24f-6a15cc16e701/ HTTP/1.1" 200 3522
INFO 2019-04-23 21:04:16,702 basehttp 124 "GET /image_codes/633c4660-290d-4f64-8a00-8e53020a4f82/ HTTP/1.1" 200 3229
INFO 2019-04-23 21:05:45,272 basehttp 124 "GET /image_codes/cad53cdb-b113-4021-afdc-ed6f8ea3875c/ HTTP/1.1" 200 3297
INFO 2019-04-23 21:12:20,181 basehttp 124 "GET /image_codes/b6a2abe3-f79e-41a3-b842-55d72233f4d2/ HTTP/1.1" 200 2912
INFO 2019-04-23 21:12:21,388 basehttp 124 "GET /image_codes/4673b46b-c003-447a-8933-8161d71b8e2e/ HTTP/1.1" 200 3158
INFO 2019-04-23 22:38:13,259 basehttp 124 "GET /image_codes/b0c2cef1-181b-4a13-a745-8d00e682f8f3/ HTTP/1.1" 200 3145
INFO 2019-04-24 16:22:47,007 basehttp 124 "GET /image_codes/2e7828af-87ce-4b5d-ae0c-171545dd6ef3/ HTTP/1.1" 200 3026
INFO 2019-04-24 16:22:49,257 basehttp 124 "GET /image_codes/1cae7c1d-64c3-4ca5-986e-b0ed094030ba/ HTTP/1.1" 200 3225
INFO 2019-04-24 16:22:50,122 basehttp 124 "GET /image_codes/54c7d298-59bb-47f3-98fc-adeccda8f9b1/ HTTP/1.1" 200 3325
INFO 2019-04-24 16:22:51,044 basehttp 124 "GET /image_codes/3380369e-a465-4c4c-9203-7f0509d82766/ HTTP/1.1" 200 3569
INFO 2019-04-24 16:22:53,963 basehttp 124 "GET /image_codes/732f4142-3ecd-422d-9059-702945748347/ HTTP/1.1" 200 3023
INFO 2019-04-24 16:22:56,149 basehttp 124 "GET /image_codes/2391c02c-7ee8-4862-892c-0aa5a6ba649d/ HTTP/1.1" 200 2900
INFO 2019-04-24 16:36:36,803 basehttp 124 "GET /image_codes/74d7318a-47a5-49b0-9b50-2e3803fba208/ HTTP/1.1" 200 3403
INFO 2019-04-24 17:05:37,730 basehttp 124 "GET /image_codes/edeb8717-2b8c-4117-80a4-7d074f2dcdf8/ HTTP/1.1" 200 3157
INFO 2019-04-24 17:06:28,145 basehttp 124 "GET /image_codes/c27b2249-526c-4df6-ad13-79812ef93260/ HTTP/1.1" 200 3327
INFO 2019-04-24 17:07:10,760 basehttp 124 "GET /image_codes/c482a149-c57d-4a0c-b789-2234f23065cf/ HTTP/1.1" 200 3255
WARNING 2019-04-24 17:07:18,786 basehttp 124 "GET /sms_codes/16602190828/?textrgmb&image_code_id=c482a149-c57d-4a0c-b789-2234f23065cf HTTP/1.1" 400 37
INFO 2019-04-24 17:08:22,342 basehttp 124 "GET /image_codes/60c05834-2de6-42bd-afc4-101f626dd5f7/ HTTP/1.1" 200 3071
INFO 2019-04-24 17:08:29,074 basehttp 124 "GET /image_codes/3d1462ce-5a3d-49b4-a4e9-a1f2eb982a7a/ HTTP/1.1" 200 3510
INFO 2019-04-24 17:08:38,070 basehttp 124 "GET /sms_codes/16602190828/?text=arut&image_code_id=3d1462ce-5a3d-49b4-a4e9-a1f2eb982a7a HTTP/1.1" 200 16
INFO 2019-04-24 17:12:53,632 basehttp 124 "GET /image_codes/d0a1ac3a-e639-443d-baa2-4d901399af43/ HTTP/1.1" 200 3475
INFO 2019-04-24 17:13:36,258 views 27 图片验证码是KANH
INFO 2019-04-24 17:13:36,260 basehttp 124 "GET /image_codes/175b945a-d94d-453c-942c-381e59e1eeef/ HTTP/1.1" 200 2978
INFO 2019-04-24 17:13:45,692 views 52 16602190828的验证码是:548311
INFO 2019-04-24 17:13:47,576 basehttp 124 "GET /sms_codes/16602190828/?text=kanh&image_code_id=175b945a-d94d-453c-942c-381e59e1eeef HTTP/1.1" 200 16
INFO 2019-04-24 17:14:12,060 views 27 图片验证码是M8AV
INFO 2019-04-24 17:14:12,061 basehttp 124 "GET /image_codes/2e306f58-5f71-4476-b145-b3e224838ffe/ HTTP/1.1" 200 3138
WARNING 2019-04-24 17:14:27,536 basehttp 124 "GET /sms_codes/16602190828/?text=M8AV&image_code_id=2e306f58-5f71-4476-b145-b3e224838ffe HTTP/1.1" 400 49
INFO 2019-04-24 17:14:49,736 views 27 图片验证码是OQPP
INFO 2019-04-24 17:14:49,740 basehttp 124 "GET /image_codes/459876e0-e296-417d-a941-23ace6f83b72/ HTTP/1.1" 200 3065
INFO 2019-04-24 17:14:51,437 views 27 图片验证码是4UHO
INFO 2019-04-24 17:14:51,438 basehttp 124 "GET /image_codes/f125fc41-32a4-4d3f-b20f-36e3e2d63445/ HTTP/1.1" 200 3197
INFO 2019-04-24 17:14:52,510 views 27 图片验证码是YZHQ
INFO 2019-04-24 17:14:52,515 basehttp 124 "GET /image_codes/d320d1af-b669-4048-87c8-9bebec2788bf/ HTTP/1.1" 200 3035
INFO 2019-04-24 17:14:52,756 views 27 图片验证码是GVDE
INFO 2019-04-24 17:14:52,757 basehttp 124 "GET /image_codes/5ddac0b7-be2a-4e16-828a-1f71061087a9/ HTTP/1.1" 200 3250
INFO 2019-04-24 17:14:53,094 views 27 图片验证码是TMJQ
INFO 2019-04-24 17:14:53,099 basehttp 124 "GET /image_codes/6affd321-94d1-4297-93a2-4ccdc31be469/ HTTP/1.1" 200 3140
INFO 2019-04-24 17:15:07,049 views 52 16602190828的验证码是:133023
INFO 2019-04-24 17:15:07,522 basehttp 124 "GET /sms_codes/16602190828/?text=TMJQ&image_code_id=6affd321-94d1-4297-93a2-4ccdc31be469 HTTP/1.1" 200 16
INFO 2019-04-24 17:19:35,035 views 27 图片验证码是XB5Z
INFO 2019-04-24 17:19:35,036 basehttp 124 "GET /image_codes/c7434641-b769-4007-9e4e-e4c6de7980b1/ HTTP/1.1" 200 3195
INFO 2019-04-24 17:19:43,825 views 52 16602190828的验证码是:410277
INFO 2019-04-24 17:19:45,113 basehttp 124 "GET /sms_codes/16602190828/?text=xb5z&image_code_id=c7434641-b769-4007-9e4e-e4c6de7980b1 HTTP/1.1" 200 16
INFO 2019-04-24 17:41:18,651 views 27 图片验证码是RPLZ
INFO 2019-04-24 17:41:18,654 basehttp 124 "GET /image_codes/e81c660c-56c4-48db-81ae-8ecec8d4324b/ HTTP/1.1" 200 3004
WARNING 2019-04-24 17:41:25,228 basehttp 124 "GET /sms_codes/16602190828/?text=qqqq&image_code_id=e81c660c-56c4-48db-81ae-8ecec8d4324b HTTP/1.1" 400 46
INFO 2019-04-24 17:41:40,502 views 27 图片验证码是EJDX
INFO 2019-04-24 17:41:40,505 basehttp 124 "GET /image_codes/c450fa20-cd99-472d-9279-4aabfbe8d503/ HTTP/1.1" 200 3256
WARNING 2019-04-24 17:41:44,641 basehttp 124 "GET /sms_codes/16602190828/?text=mvbt&image_code_id=c450fa20-cd99-472d-9279-4aabfbe8d503 HTTP/1.1" 400 46
INFO 2019-04-24 17:55:14,758 views 27 图片验证码是TDI5
INFO 2019-04-24 17:55:14,759 basehttp 124 "GET /image_codes/64f19100-2391-4afd-9958-3690e4514742/ HTTP/1.1" 200 3168
WARNING 2019-04-24 17:55:21,310 basehttp 124 "GET /sms_codes/16602190828/?text=mvbt&image_code_id=64f19100-2391-4afd-9958-3690e4514742 HTTP/1.1" 400 46
INFO 2019-04-24 17:55:37,033 views 27 图片验证码是JDOU
INFO 2019-04-24 17:55:37,033 basehttp 124 "GET /image_codes/b7f5068d-7e63-4af2-a2e4-10e4afac8479/ HTTP/1.1" 200 3256
INFO 2019-04-24 17:55:37,904 views 27 图片验证码是AJTD
INFO 2019-04-24 17:55:37,905 basehttp 124 "GET /image_codes/cead4048-b3fd-435e-a058-a64a0f20a6e8/ HTTP/1.1" 200 2930
INFO 2019-04-24 17:55:38,162 views 27 图片验证码是R5W9
INFO 2019-04-24 17:55:38,171 basehttp 124 "GET /image_codes/2f362ca7-0426-445a-aba1-7153b88f684f/ HTTP/1.1" 200 3284
INFO 2019-04-24 17:55:38,464 views 27 图片验证码是RLDZ
INFO 2019-04-24 17:55:38,465 basehttp 124 "GET /image_codes/d39b4d15-7883-4310-801c-4056340a1031/ HTTP/1.1" 200 3479
WARNING 2019-04-24 17:55:43,001 basehttp 124 "GET /sms_codes/16602190828/?text=rgmb&image_code_id=d39b4d15-7883-4310-801c-4056340a1031 HTTP/1.1" 400 46
INFO 2019-04-24 18:01:08,534 views 27 图片验证码是OTVZ
INFO 2019-04-24 18:01:08,537 basehttp 124 "GET /image_codes/b44b7ec7-c2fb-476b-9183-517c3f153d20/ HTTP/1.1" 200 3119
INFO 2019-04-24 18:01:21,830 views 52 16602190828的验证码是:310177
INFO 2019-04-24 18:01:23,653 basehttp 124 "GET /sms_codes/16602190828/?text=OTVZ&image_code_id=b44b7ec7-c2fb-476b-9183-517c3f153d20 HTTP/1.1" 200 16
INFO 2019-04-24 18:02:56,024 views 27 图片验证码是AVLK
INFO 2019-04-24 18:02:56,026 basehttp 124 "GET /image_codes/247914d2-79ab-4635-b55b-c532a4e4086f/ HTTP/1.1" 200 2638
INFO 2019-04-24 18:03:05,990 views 52 16602190828的验证码是:488684
INFO 2019-04-24 18:03:07,867 basehttp 124 "GET /sms_codes/16602190828/?text=avlk&image_code_id=247914d2-79ab-4635-b55b-c532a4e4086f HTTP/1.1" 200 16
INFO 2019-04-24 21:11:44,642 views 28 图片验证码是LMQB
INFO 2019-04-24 21:11:44,649 basehttp 124 "GET /image_codes/bc5ab45c-305f-4e81-bd0f-3900a8995d0a/ HTTP/1.1" 200 3888
INFO 2019-04-24 21:11:45,482 views 28 图片验证码是R3MD
INFO 2019-04-24 21:11:45,484 basehttp 124 "GET /image_codes/15861679-f28a-4da2-9056-a97392bfa2a1/ HTTP/1.1" 200 3180
WARNING 2019-04-24 21:11:57,538 basehttp 124 "GET /sms_codes/16602190828/?text=r3m&image_code_id=15861679-f28a-4da2-9056-a97392bfa2a1 HTTP/1.1" 400 61
INFO 2019-04-24 21:12:03,470 views 28 图片验证码是HX3C
INFO 2019-04-24 21:12:03,472 basehttp 124 "GET /image_codes/8c03bb4a-17d4-4bd1-8db9-6bfe465181bf/ HTTP/1.1" 200 3646
INFO 2019-04-24 21:12:11,647 views 53 16602190828的验证码是:679275
INFO 2019-04-24 21:12:12,021 basehttp 124 "GET /sms_codes/16602190828/?text=hx3c&image_code_id=8c03bb4a-17d4-4bd1-8db9-6bfe465181bf HTTP/1.1" 200 16
INFO 2019-04-24 22:37:40,579 views 28 图片验证码是OSIQ
INFO 2019-04-24 22:37:40,581 basehttp 124 "GET /image_codes/5a762011-ea5b-4be8-b5a0-dbe0fda1387c/ HTTP/1.1" 200 2979
INFO 2019-04-24 22:37:52,702 basehttp 124 "GET /mobiles/16602190828/count/ HTTP/1.1" 200 34
WARNING 2019-04-24 22:37:54,832 basehttp 124 "GET /sms_codes/16602190828/?text=mvbt&image_code_id=5a762011-ea5b-4be8-b5a0-dbe0fda1387c HTTP/1.1" 400 46
INFO 2019-04-24 22:37:54,842 basehttp 124 "GET /mobiles/16602190828/count/ HTTP/1.1" 200 34
INFO 2019-04-24 22:37:58,955 basehttp 124 "GET /usernames/pearr/count/ HTTP/1.1" 200 30
INFO 2019-04-24 22:46:51,362 views 28 图片验证码是JUQQ
INFO 2019-04-24 22:46:51,365 basehttp 124 "GET /image_codes/ee613963-ead1-4e7e-9c45-b01cf24e53ed/ HTTP/1.1" 200 3218
INFO 2019-04-24 22:46:58,659 basehttp 124 "GET /usernames/pearr/count/ HTTP/1.1" 200 30
INFO 2019-04-24 22:47:10,489 basehttp 124 "GET /mobiles/16602190828/count/ HTTP/1.1" 200 34
WARNING 2019-04-24 22:47:12,029 basehttp 124 "GET /sms_codes/16602190828/?text=mvbt&image_code_id=ee613963-ead1-4e7e-9c45-b01cf24e53ed HTTP/1.1" 400 46
INFO 2019-04-24 22:47:12,036 basehttp 124 "GET /mobiles/16602190828/count/ HTTP/1.1" 200 34
INFO 2019-04-24 22:48:01,424 views 28 图片验证码是WMWS
INFO 2019-04-24 22:48:01,425 basehttp 124 "GET /image_codes/6732f52b-acc5-4038-b6f9-cc6f42630e82/ HTTP/1.1" 200 3474
INFO 2019-04-24 22:48:07,242 basehttp 124 "GET /usernames/pearr/count/ HTTP/1.1" 200 30
INFO 2019-04-24 22:48:17,945 basehttp 124 "GET /mobiles/16602190828/count/ HTTP/1.1" 200 34
WARNING 2019-04-24 22:48:19,483 basehttp 124 "GET /sms_codes/16602190828/?text=mvbt&image_code_id=6732f52b-acc5-4038-b6f9-cc6f42630e82 HTTP/1.1" 400 46
INFO 2019-04-24 22:48:19,492 basehttp 124 "GET /mobiles/16602190828/count/ HTTP/1.1" 200 34
INFO 2019-04-24 22:55:24,099 views 28 图片验证码是I8EN
INFO 2019-04-24 22:55:24,101 basehttp 124 "GET /image_codes/a442e66c-a030-466d-9c7d-fe70deae75a5/ HTTP/1.1" 200 3151
INFO 2019-04-24 22:55:29,621 basehttp 124 "GET /usernames/pearr/count/ HTTP/1.1" 200 30
INFO 2019-04-24 22:55:38,479 basehttp 124 "GET /mobiles/16602190828/count/ HTTP/1.1" 200 34
WARNING 2019-04-24 22:55:40,629 basehttp 124 "GET /sms_codes/16602190828/?text=mvbt&image_code_id=a442e66c-a030-466d-9c7d-fe70deae75a5 HTTP/1.1" 400 46
INFO 2019-04-24 22:55:40,637 basehttp 124 "GET /mobiles/16602190828/count/ HTTP/1.1" 200 34
INFO 2019-04-24 22:56:53,423 views 28 图片验证码是DSWO
INFO 2019-04-24 22:56:53,424 basehttp 124 "GET /image_codes/75bf9aea-bfe4-4e21-b9ac-828222f3ce82/ HTTP/1.1" 200 3537
INFO 2019-04-24 22:56:57,588 basehttp 124 "GET /usernames/pearr/count/ HTTP/1.1" 200 30
INFO 2019-04-24 22:57:06,363 basehttp 124 "GET /mobiles/16602190828/count/ HTTP/1.1" 200 34
WARNING 2019-04-24 22:57:08,612 basehttp 124 "GET /sms_codes/16602190828/?text=mvbt&image_code_id=75bf9aea-bfe4-4e21-b9ac-828222f3ce82 HTTP/1.1" 400 46
INFO 2019-04-24 22:57:08,623 basehttp 124 "GET /mobiles/16602190828/count/ HTTP/1.1" 200 34
ERROR 2019-04-25 14:23:44,300 exception 80 Invalid HTTP_HOST header: 'api.meiduo.site:8000'. You may need to add 'api.meiduo.site' to ALLOWED_HOSTS.
WARNING 2019-04-25 14:23:44,529 basehttp 124 "GET /user HTTP/1.1" 400 67493
ERROR 2019-04-25 14:23:44,884 exception 80 Invalid HTTP_HOST header: 'api.meiduo.site:8000'. You may need to add 'api.meiduo.site' to ALLOWED_HOSTS.
WARNING 2019-04-25 14:23:44,946 basehttp 124 "GET /favicon.ico HTTP/1.1" 400 67505
INFO 2019-04-25 14:25:27,399 basehttp 124 "GET /users HTTP/1.1" 301 0
WARNING 2019-04-25 14:25:27,758 basehttp 124 "GET /users/ HTTP/1.1" 405 8691
INFO 2019-04-25 14:25:27,890 basehttp 124 "GET /static/rest_framework/css/bootstrap-tweaks.css HTTP/1.1" 200 3385
INFO 2019-04-25 14:25:27,893 basehttp 124 "GET /static/rest_framework/css/prettify.css HTTP/1.1" 200 817
INFO 2019-04-25 14:25:27,896 basehttp 124 "GET /static/rest_framework/css/default.css HTTP/1.1" 200 1131
INFO 2019-04-25 14:25:27,908 basehttp 124 "GET /static/rest_framework/js/prettify-min.js HTTP/1.1" 200 13632
INFO 2019-04-25 14:25:27,910 basehttp 124 "GET /static/rest_framework/js/csrf.js HTTP/1.1" 200 1719
INFO 2019-04-25 14:25:27,917 basehttp 124 "GET /static/rest_framework/js/jquery-3.3.1.min.js HTTP/1.1" 200 86927
INFO 2019-04-25 14:25:27,918 basehttp 124 "GET /static/rest_framework/js/ajax-form.js HTTP/1.1" 200 3597
INFO 2019-04-25 14:25:27,922 basehttp 124 "GET /static/rest_framework/js/default.js HTTP/1.1" 200 1268
INFO 2019-04-25 14:25:27,939 basehttp 124 "GET /static/rest_framework/js/bootstrap.min.js HTTP/1.1" 200 37608
INFO 2019-04-25 14:25:27,941 basehttp 124 "GET /static/rest_framework/css/bootstrap.min.css HTTP/1.1" 200 121457
INFO 2019-04-25 14:25:27,994 basehttp 124 "GET /static/rest_framework/img/grid.png HTTP/1.1" 200 1458
WARNING 2019-04-25 14:25:28,244 base 152 Not Found: /favicon.ico
WARNING 2019-04-25 14:25:28,245 basehttp 124 "GET /favicon.ico HTTP/1.1" 404 3062
INFO 2019-04-25 15:03:21,593 views 28 图片验证码是4OPU
INFO 2019-04-25 15:03:21,594 basehttp 124 "GET /image_codes/3857e51b-f415-433c-8958-ede3488e647f/ HTTP/1.1" 200 3108
WARNING 2019-04-25 15:04:18,794 basehttp 124 "GET /users/ HTTP/1.1" 405 8691
INFO 2019-04-25 15:24:41,322 views 28 图片验证码是LSON
INFO 2019-04-25 15:24:41,324 basehttp 124 "GET /image_codes/58078f49-d0eb-4ea2-b73d-d311ae4cba51/ HTTP/1.1" 200 3107
INFO 2019-04-25 15:39:30,008 views 28 图片验证码是BOGQ
INFO 2019-04-25 15:39:30,009 basehttp 124 "GET /image_codes/4c982b14-804e-4f6d-8e02-a09ac0d3d54c/ HTTP/1.1" 200 3094
INFO 2019-04-25 15:39:46,771 basehttp 124 "GET /usernames/apple/count/ HTTP/1.1" 200 30
INFO 2019-04-25 15:39:54,289 basehttp 124 "GET /mobiles/16602190828/count/ HTTP/1.1" 200 34
INFO 2019-04-25 15:40:06,902 views 53 16602190828的验证码是:948244
INFO 2019-04-25 15:40:06,913 basehttp 124 "GET /mobiles/16602190828/count/ HTTP/1.1" 200 34
INFO 2019-04-25 15:40:07,316 basehttp 124 "GET /sms_codes/16602190828/?text=BOGQ&image_code_id=4c982b14-804e-4f6d-8e02-a09ac0d3d54c HTTP/1.1" 200 16
INFO 2019-04-25 15:40:38,836 basehttp 124 "GET /mobiles/16602190828/count/ HTTP/1.1" 200 34
INFO 2019-04-25 15:40:38,841 basehttp 124 "GET /usernames/apple/count/ HTTP/1.1" 200 30
INFO 2019-04-25 15:40:38,861 basehttp 124 "OPTIONS /users/ HTTP/1.1" 200 0
INFO 2019-04-25 15:40:39,043 basehttp 124 "POST /users/ HTTP/1.1" 201 222
INFO 2019-04-25 15:40:52,964 views 28 图片验证码是JBN3
INFO 2019-04-25 15:40:52,965 basehttp 124 "GET /image_codes/12dcb485-fad2-42cd-a799-4c2e6ce7cc21/ HTTP/1.1" 200 3520
INFO 2019-04-25 15:40:56,044 basehttp 124 "GET /usernames/apple/count/ HTTP/1.1" 200 30
INFO 2019-04-25 15:41:07,849 basehttp 124 "GET /usernames/pearr222/count/ HTTP/1.1" 200 33
INFO 2019-04-25 15:41:15,701 basehttp 124 "GET /mobiles/16602190828/count/ HTTP/1.1" 200 34
INFO 2019-04-25 15:41:18,203 basehttp 124 "GET /mobiles/16602190828/count/ HTTP/1.1" 200 34
INFO 2019-04-25 15:45:24,458 basehttp 124 "GET /mobiles/16602190828/count/ HTTP/1.1" 200 34
INFO 2019-04-25 15:45:38,956 basehttp 124 "GET /mobiles/18111111111/count/ HTTP/1.1" 200 34
WARNING 2019-04-25 15:45:42,528 basehttp 124 "GET /sms_codes/18111111111/?text=mvbt&image_code_id=12dcb485-fad2-42cd-a799-4c2e6ce7cc21 HTTP/1.1" 400 46
INFO 2019-04-25 15:45:42,535 basehttp 124 "GET /mobiles/18111111111/count/ HTTP/1.1" 200 34
INFO 2019-04-25 15:45:46,104 views 28 图片验证码是UJI7
INFO 2019-04-25 15:45:46,105 basehttp 124 "GET /image_codes/0424508a-5a6c-4fc3-8bb4-3eaa2035a692/ HTTP/1.1" 200 2856
INFO 2019-04-25 15:46:06,971 views 53 18111111111的验证码是:444039
INFO 2019-04-25 15:46:06,979 basehttp 124 "GET /sms_codes/18111111111/?text=UJI7&image_code_id=0424508a-5a6c-4fc3-8bb4-3eaa2035a692 HTTP/1.1" 200 16
INFO 2019-04-25 15:46:06,986 basehttp 124 "GET /mobiles/18111111111/count/ HTTP/1.1" 200 34
INFO 2019-04-25 15:46:17,900 basehttp 124 "GET /mobiles/18111111111/count/ HTTP/1.1" 200 34
WARNING 2019-04-25 15:46:17,907 basehttp 124 "POST /users/ HTTP/1.1" 400 46
INFO 2019-04-25 15:46:17,908 basehttp 124 "GET /usernames/pearr222/count/ HTTP/1.1" 200 33
INFO 2019-04-25 15:46:45,919 views 28 图片验证码是3LMC
INFO 2019-04-25 15:46:45,920 basehttp 124 "GET /image_codes/c20324ff-4df9-47c4-be1c-69b3a5329801/ HTTP/1.1" 200 3614
INFO 2019-04-25 15:47:04,221 views 28 图片验证码是OFVP
INFO 2019-04-25 15:47:04,221 basehttp 124 "GET /image_codes/aaaef500-336b-4433-a307-59371b0bff82/ HTTP/1.1" 200 3207
INFO 2019-04-25 15:51:37,394 views 28 图片验证码是GF3P
INFO 2019-04-25 15:51:37,396 basehttp 124 "GET /image_codes/a53f40c9-3329-4e57-bfe1-4e9e1a77aeba/ HTTP/1.1" 200 3097
INFO 2019-04-25 15:52:17,542 basehttp 124 "GET /usernames/apple/count/ HTTP/1.1" 200 30
INFO 2019-04-25 15:52:27,529 basehttp 124 "GET /mobiles/16602190828/count/ HTTP/1.1" 200 34
INFO 2019-04-25 15:53:00,108 views 53 16602190828的验证码是:442468
INFO 2019-04-25 15:53:00,114 basehttp 124 "GET /sms_codes/16602190828/?text=Gf3p&image_code_id=a53f40c9-3329-4e57-bfe1-4e9e1a77aeba HTTP/1.1" 200 16
INFO 2019-04-25 15:53:00,119 basehttp 124 "GET /mobiles/16602190828/count/ HTTP/1.1" 200 34
INFO 2019-04-25 15:53:13,423 basehttp 124 "GET /usernames/apple/count/ HTTP/1.1" 200 30
INFO 2019-04-25 15:53:13,425 basehttp 124 "GET /mobiles/16602190828/count/ HTTP/1.1" 200 34
INFO 2019-04-25 15:53:14,995 basehttp 124 "OPTIONS /users/ HTTP/1.1" 200 0
INFO 2019-04-25 15:53:15,014 basehttp 124 "GET /mobiles/16602190828/count/ HTTP/1.1" 200 34
INFO 2019-04-25 15:53:15,017 basehttp 124 "GET /usernames/apple/count/ HTTP/1.1" 200 30
INFO 2019-04-25 15:53:15,121 basehttp 124 "POST /users/ HTTP/1.1" 201 222
INFO 2019-04-25 15:53:40,163 views 28 图片验证码是TCDO
INFO 2019-04-25 15:53:40,164 basehttp 124 "GET /image_codes/c735ea1f-849b-44af-a7ec-5430b27fc544/ HTTP/1.1" 200 3022
INFO 2019-04-25 15:53:43,415 basehttp 124 "GET /usernames/apple/count/ HTTP/1.1" 200 30
INFO 2019-04-25 15:53:51,309 basehttp 124 "GET /mobiles/16602190828/count/ HTTP/1.1" 200 34
WARNING 2019-04-25 15:53:58,660 basehttp 124 "GET /sms_codes/16602190828/?text=tcdo&image_code_id=c735ea1f-849b-44af-a7ec-5430b27fc544 HTTP/1.1" 400 49
INFO 2019-04-25 15:53:58,674 basehttp 124 "GET /mobiles/16602190828/count/ HTTP/1.1" 200 34
INFO 2019-04-25 15:54:00,027 views 28 图片验证码是USBJ
INFO 2019-04-25 15:54:00,028 basehttp 124 "GET /image_codes/e645ab03-c99b-4603-b366-b1c251ad6355/ HTTP/1.1" 200 2931
INFO 2019-04-25 15:54:03,288 views 28 图片验证码是X8VN
INFO 2019-04-25 15:54:03,289 basehttp 124 "GET /image_codes/bb0d2551-f666-4e39-bbb4-2529cf868b43/ HTTP/1.1" 200 3286
INFO 2019-04-25 15:54:09,436 views 53 16602190828的验证码是:473931
INFO 2019-04-25 15:54:09,439 basehttp 124 "GET /sms_codes/16602190828/?text=x8vn&image_code_id=bb0d2551-f666-4e39-bbb4-2529cf868b43 HTTP/1.1" 200 16
INFO 2019-04-25 15:54:09,444 basehttp 124 "GET /mobiles/16602190828/count/ HTTP/1.1" 200 34
INFO 2019-04-25 15:54:30,458 basehttp 124 "GET /usernames/apple/count/ HTTP/1.1" 200 30
INFO 2019-04-25 15:54:30,465 basehttp 124 "GET /mobiles/16602190828/count/ HTTP/1.1" 200 34
INFO 2019-04-25 15:54:30,549 basehttp 124 "POST /users/ HTTP/1.1" 201 222
INFO 2019-04-25 15:56:11,525 views 28 图片验证码是9DXB
INFO 2019-04-25 15:56:11,528 basehttp 124 "GET /image_codes/3ad8a868-991f-4596-a389-80a89312e95c/ HTTP/1.1" 200 2930
INFO 2019-04-25 15:57:00,563 basehttp 124 "GET /usernames/apple/count/ HTTP/1.1" 200 30
INFO 2019-04-25 15:57:15,398 basehttp 124 "GET /mobiles/16602190828/count/ HTTP/1.1" 200 34
WARNING 2019-04-25 15:57:20,887 basehttp 124 "GET /sms_codes/16602190828/?text=qdxb&image_code_id=3ad8a868-991f-4596-a389-80a89312e95c HTTP/1.1" 400 46
INFO 2019-04-25 15:57:20,897 basehttp 124 "GET /mobiles/16602190828/count/ HTTP/1.1" 200 34
INFO 2019-04-25 15:57:22,307 views 28 图片验证码是WVJE
INFO 2019-04-25 15:57:22,308 basehttp 124 "GET /image_codes/8177eca1-d926-4f9c-b4dc-944112ba4bbd/ HTTP/1.1" 200 3024
INFO 2019-04-25 15:57:31,232 views 53 16602190828的验证码是:715148
INFO 2019-04-25 15:57:31,242 basehttp 124 "GET /sms_codes/16602190828/?text=wvje&image_code_id=8177eca1-d926-4f9c-b4dc-944112ba4bbd HTTP/1.1" 200 16
INFO 2019-04-25 15:57:31,248 basehttp 124 "GET /mobiles/16602190828/count/ HTTP/1.1" 200 34
INFO 2019-04-25 15:57:44,746 basehttp 124 "GET /usernames/apple/count/ HTTP/1.1" 200 30
INFO 2019-04-25 15:57:44,752 basehttp 124 "GET /mobiles/16602190828/count/ HTTP/1.1" 200 34
INFO 2019-04-25 15:57:44,837 basehttp 124 "POST /users/ HTTP/1.1" 201 222
WARNING 2019-04-25 15:58:04,275 basehttp 124 "GET /users/ HTTP/1.1" 405 8691
WARNING 2019-04-25 20:39:37,870 basehttp 124 "GET /authorizations/ HTTP/1.1" 405 7709
INFO 2019-04-25 20:39:37,915 basehttp 124 "GET /static/rest_framework/css/bootstrap.min.css HTTP/1.1" 304 0
INFO 2019-04-25 20:39:37,932 basehttp 124 "GET /static/rest_framework/css/bootstrap-tweaks.css HTTP/1.1" 304 0
INFO 2019-04-25 20:39:37,937 basehttp 124 "GET /static/rest_framework/css/default.css HTTP/1.1" 304 0
INFO 2019-04-25 20:39:37,938 basehttp 124 "GET /static/rest_framework/css/prettify.css HTTP/1.1" 304 0
INFO 2019-04-25 20:39:37,947 basehttp 124 "GET /static/rest_framework/js/csrf.js HTTP/1.1" 304 0
INFO 2019-04-25 20:39:37,967 basehttp 124 "GET /static/rest_framework/js/ajax-form.js HTTP/1.1" 304 0
INFO 2019-04-25 20:39:37,981 basehttp 124 "GET /static/rest_framework/js/jquery-3.3.1.min.js HTTP/1.1" 304 0
INFO 2019-04-25 20:39:37,985 basehttp 124 "GET /static/rest_framework/js/default.js HTTP/1.1" 304 0
INFO 2019-04-25 20:39:37,996 basehttp 124 "GET /static/rest_framework/js/prettify-min.js HTTP/1.1" 304 0
INFO 2019-04-25 20:39:37,997 basehttp 124 "GET /static/rest_framework/js/bootstrap.min.js HTTP/1.1" 304 0
INFO 2019-04-25 20:39:38,056 basehttp 124 "GET /static/rest_framework/img/grid.png HTTP/1.1" 304 0
WARNING 2019-04-25 20:39:38,246 base 152 Not Found: /favicon.ico
WARNING 2019-04-25 20:39:38,247 basehttp 124 "GET /favicon.ico HTTP/1.1" 404 3056
WARNING 2019-04-25 20:39:44,428 basehttp 124 "GET /authorizations/ HTTP/1.1" 405 7709
WARNING 2019-04-25 20:39:53,013 base 152 Not Found: /index
WARNING 2019-04-25 20:39:53,014 basehttp 124 "GET /index HTTP/1.1" 404 3038
INFO 2019-04-25 20:40:34,502 basehttp 124 "POST /authorizations/ HTTP/1.1" 200 7822
WARNING 2019-04-25 20:40:53,031 basehttp 124 "POST /authorizations/ HTTP/1.1" 400 7756
WARNING 2019-04-25 20:47:36,228 basehttp 124 "GET /authorizations/ HTTP/1.1" 405 7709
INFO 2019-04-25 20:47:44,211 basehttp 124 "POST /authorizations/ HTTP/1.1" 200 7895
INFO 2019-04-25 20:48:29,744 views 28 图片验证码是MYNI
INFO 2019-04-25 20:48:29,745 basehttp 124 "GET /image_codes/236fe206-a6c1-4d7a-98b0-652f42194faa/ HTTP/1.1" 200 3015
INFO 2019-04-25 22:31:41,616 views 28 图片验证码是E3NI
INFO 2019-04-25 22:31:41,618 basehttp 124 "GET /image_codes/b93f93db-21a7-4d1a-8257-d1ee6ab9f545/ HTTP/1.1" 200 2974
INFO 2019-04-25 22:31:43,531 views 28 图片验证码是VKQN
INFO 2019-04-25 22:31:43,532 basehttp 124 "GET /image_codes/dd7bf47c-bf0e-4f30-9a2b-d95577d0fa73/ HTTP/1.1" 200 3132
INFO 2019-04-25 22:41:18,053 views 28 图片验证码是BIZF
INFO 2019-04-25 22:41:18,055 basehttp 124 "GET /image_codes/f1b7a8dc-3c7d-44c9-9ce0-9eb2b19505d7/ HTTP/1.1" 200 3007
INFO 2019-04-25 22:41:21,426 views 28 图片验证码是VIND
INFO 2019-04-25 22:41:21,428 basehttp 124 "GET /image_codes/1539f694-6671-4ad9-ac1d-288e01eb8397/ HTTP/1.1" 200 2602
INFO 2019-04-25 22:41:23,510 views 28 图片验证码是TLZR
INFO 2019-04-25 22:41:23,511 basehttp 124 "GET /image_codes/14d37711-9a50-4359-ac43-7fa92dad6df0/ HTTP/1.1" 200 3300
INFO 2019-04-25 22:41:24,540 views 28 图片验证码是ZIHX
INFO 2019-04-25 22:41:24,540 basehttp 124 "GET /image_codes/a9dd9132-6dbc-495f-bd25-3b6a794479da/ HTTP/1.1" 200 3241
INFO 2019-04-25 22:41:25,408 views 28 图片验证码是UQ3F
INFO 2019-04-25 22:41:25,411 basehttp 124 "GET /image_codes/7e666eae-1e47-43b8-a1cd-3dabc84573aa/ HTTP/1.1" 200 3544
INFO 2019-04-25 22:41:26,344 views 28 图片验证码是ZUV8
INFO 2019-04-25 22:41:26,345 basehttp 124 "GET /image_codes/02c55761-d233-49ca-8f8f-888ed0bc4706/ HTTP/1.1" 200 3305
INFO 2019-04-25 22:41:27,300 views 28 图片验证码是FKVA
INFO 2019-04-25 22:41:27,301 basehttp 124 "GET /image_codes/4a1caf33-09fc-4b56-90aa-8daf1ba93846/ HTTP/1.1" 200 3012
INFO 2019-04-25 22:41:28,602 views 28 图片验证码是DPZP
INFO 2019-04-25 22:41:28,604 basehttp 124 "GET /image_codes/944402f6-e562-4970-b60d-68b5b423ec54/ HTTP/1.1" 200 3163
INFO 2019-04-25 22:47:02,991 views 28 图片验证码是CO6QE
INFO 2019-04-25 22:47:02,992 basehttp 124 "GET /image_codes/3791be04-6fbd-4ddc-8a92-534bb8e45dfc/ HTTP/1.1" 200 3374
INFO 2019-04-25 22:47:05,022 views 28 图片验证码是CRDTF
INFO 2019-04-25 22:47:05,023 basehttp 124 "GET /image_codes/0eaf2cdc-5e80-45e7-be21-f729e7b006d2/ HTTP/1.1" 200 3477
INFO 2019-04-25 22:47:06,404 views 28 图片验证码是FXEWK
INFO 2019-04-25 22:47:06,405 basehttp 124 "GET /image_codes/bb50db57-a8d8-42d1-be4d-35e3bdb282a4/ HTTP/1.1" 200 3572
INFO 2019-04-25 22:47:19,450 views 28 图片验证码是BKW4CIRG5
INFO 2019-04-25 22:47:19,452 basehttp 124 "GET /image_codes/69e8be76-488d-4db6-8ab2-6710f912b0d0/ HTTP/1.1" 200 3423
INFO 2019-04-25 22:48:47,718 views 28 图片验证码是8PJY
INFO 2019-04-25 22:48:47,719 basehttp 124 "GET /image_codes/b2a41cab-dac0-41b2-9a4e-b544f0fc8bd0/ HTTP/1.1" 200 3186
INFO 2019-04-25 22:50:10,442 views 28 图片验证码是OO3ZFCZ
INFO 2019-04-25 22:50:10,445 basehttp 124 "GET /image_codes/9be32b68-6425-44d7-baf7-6f2bf61bf73c/ HTTP/1.1" 200 4824
INFO 2019-04-25 22:50:39,448 views 28 图片验证码是GICSNYH
INFO 2019-04-25 22:50:39,450 basehttp 124 "GET /image_codes/fa876188-4745-4b97-9605-11af001e3685/ HTTP/1.1" 200 5223
INFO 2019-04-25 22:53:03,178 views 28 图片验证码是8JGW5PXQO
INFO 2019-04-25 22:53:03,179 basehttp 124 "GET /image_codes/01d275a3-803b-417c-8460-35d0363bae31/ HTTP/1.1" 200 8371
ERROR 2019-04-25 22:53:38,261 exception 135 Internal Server Error: /image_codes/0a418813-0120-4244-b5d0-1bbd92729a4e/
Traceback (most recent call last):
  File "/usr/local/python3/lib/python3.6/site-packages/django/core/handlers/exception.py", line 41, in inner
    response = get_response(request)
  File "/usr/local/python3/lib/python3.6/site-packages/django/core/handlers/base.py", line 187, in _get_response
    response = self.process_exception_by_middleware(e, request)
  File "/usr/local/python3/lib/python3.6/site-packages/django/core/handlers/base.py", line 185, in _get_response
    response = wrapped_callback(request, *callback_args, **callback_kwargs)
  File "/usr/local/python3/lib/python3.6/site-packages/django/views/decorators/csrf.py", line 58, in wrapped_view
    return view_func(*args, **kwargs)
  File "/usr/local/python3/lib/python3.6/site-packages/django/views/generic/base.py", line 68, in view
    return self.dispatch(request, *args, **kwargs)
  File "/usr/local/python3/lib/python3.6/site-packages/rest_framework/views.py", line 495, in dispatch
    response = self.handle_exception(exc)
  File "/usr/local/python3/lib/python3.6/site-packages/rest_framework/views.py", line 455, in handle_exception
    self.raise_uncaught_exception(exc)
  File "/usr/local/python3/lib/python3.6/site-packages/rest_framework/views.py", line 492, in dispatch
    response = handler(request, *args, **kwargs)
  File "/etc/my_object/meiduo/meiduo_mall/meiduo_mall/apps/verifications/views.py", line 22, in get
    name,text,image=captcha.generate_captcha()
  File "/etc/my_object/meiduo/meiduo_mall/meiduo_mall/libs/captcha/captcha.py", line 217, in generate_captcha
    self.initialize()
  File "/etc/my_object/meiduo/meiduo_mall/meiduo_mall/libs/captcha/captcha.py", line 76, in initialize
    self._color = color if color else self.random_color(0, 200, random.randint(1220, 255))
  File "/usr/local/python3/lib/python3.6/random.py", line 221, in randint
    return self.randrange(a, b+1)
  File "/usr/local/python3/lib/python3.6/random.py", line 199, in randrange
    raise ValueError("empty range for randrange() (%d,%d, %d)" % (istart, istop, width))
ValueError: empty range for randrange() (1220,256, -964)
ERROR 2019-04-25 22:53:38,417 basehttp 124 "GET /image_codes/0a418813-0120-4244-b5d0-1bbd92729a4e/ HTTP/1.1" 500 18103
ERROR 2019-04-25 22:53:41,710 exception 135 Internal Server Error: /image_codes/7f34e331-b4af-41db-b1b2-2545411dad5b/
Traceback (most recent call last):
  File "/usr/local/python3/lib/python3.6/site-packages/django/core/handlers/exception.py", line 41, in inner
    response = get_response(request)
  File "/usr/local/python3/lib/python3.6/site-packages/django/core/handlers/base.py", line 187, in _get_response
    response = self.process_exception_by_middleware(e, request)
  File "/usr/local/python3/lib/python3.6/site-packages/django/core/handlers/base.py", line 185, in _get_response
    response = wrapped_callback(request, *callback_args, **callback_kwargs)
  File "/usr/local/python3/lib/python3.6/site-packages/django/views/decorators/csrf.py", line 58, in wrapped_view
    return view_func(*args, **kwargs)
  File "/usr/local/python3/lib/python3.6/site-packages/django/views/generic/base.py", line 68, in view
    return self.dispatch(request, *args, **kwargs)
  File "/usr/local/python3/lib/python3.6/site-packages/rest_framework/views.py", line 495, in dispatch
    response = self.handle_exception(exc)
  File "/usr/local/python3/lib/python3.6/site-packages/rest_framework/views.py", line 455, in handle_exception
    self.raise_uncaught_exception(exc)
  File "/usr/local/python3/lib/python3.6/site-packages/rest_framework/views.py", line 492, in dispatch
    response = handler(request, *args, **kwargs)
  File "/etc/my_object/meiduo/meiduo_mall/meiduo_mall/apps/verifications/views.py", line 22, in get
    name,text,image=captcha.generate_captcha()
  File "/etc/my_object/meiduo/meiduo_mall/meiduo_mall/libs/captcha/captcha.py", line 217, in generate_captcha
    self.initialize()
  File "/etc/my_object/meiduo/meiduo_mall/meiduo_mall/libs/captcha/captcha.py", line 76, in initialize
    self._color = color if color else self.random_color(0, 200, random.randint(1220, 255))
  File "/usr/local/python3/lib/python3.6/random.py", line 221, in randint
    return self.randrange(a, b+1)
  File "/usr/local/python3/lib/python3.6/random.py", line 199, in randrange
    raise ValueError("empty range for randrange() (%d,%d, %d)" % (istart, istop, width))
ValueError: empty range for randrange() (1220,256, -964)
ERROR 2019-04-25 22:53:41,758 basehttp 124 "GET /image_codes/7f34e331-b4af-41db-b1b2-2545411dad5b/ HTTP/1.1" 500 18103
INFO 2019-04-25 22:54:15,980 views 28 图片验证码是MSXG
INFO 2019-04-25 22:54:15,982 basehttp 124 "GET /image_codes/e204bb37-dd15-4068-8ec2-eecff4a15b5a/ HTTP/1.1" 200 3185
INFO 2019-04-25 22:55:13,835 views 28 图片验证码是TIYN
INFO 2019-04-25 22:55:13,838 basehttp 124 "GET /image_codes/cacdde42-6ca2-4442-bb0a-f1c05ed5a7f9/ HTTP/1.1" 200 6040
INFO 2019-04-25 22:55:50,685 views 28 图片验证码是IUJGTA
INFO 2019-04-25 22:55:50,686 basehttp 124 "GET /image_codes/74123415-5c75-4d22-91c4-7097122b2ead/ HTTP/1.1" 200 4406
INFO 2019-04-25 22:58:05,759 views 28 图片验证码是WB5E
INFO 2019-04-25 22:58:05,760 basehttp 124 "GET /image_codes/dc5cdbd1-7293-4af6-a4ff-398fe226aa2e/ HTTP/1.1" 200 3036
INFO 2019-04-25 22:58:30,504 views 28 图片验证码是QWUBEX
INFO 2019-04-25 22:58:30,505 basehttp 124 "GET /image_codes/c1dc09d3-abdc-4585-a110-1304162904b1/ HTTP/1.1" 200 6701
INFO 2019-04-25 22:58:43,858 views 28 图片验证码是PCU83X
INFO 2019-04-25 22:58:43,860 basehttp 124 "GET /image_codes/7503e680-51ef-4a0a-92fd-571cf3237835/ HTTP/1.1" 200 4179
WARNING 2019-04-26 09:35:38,216 base 152 Not Found: /
WARNING 2019-04-26 09:35:38,243 basehttp 124 "GET / HTTP/1.1" 404 3011
WARNING 2019-04-26 09:35:38,369 base 152 Not Found: /favicon.ico
WARNING 2019-04-26 09:35:38,370 basehttp 124 "GET /favicon.ico HTTP/1.1" 404 3062
INFO 2019-04-26 09:35:43,244 basehttp 124 "GET /admin HTTP/1.1" 301 0
INFO 2019-04-26 09:35:43,292 basehttp 124 "GET /admin/ HTTP/1.1" 302 0
INFO 2019-04-26 09:35:43,585 basehttp 124 "GET /admin/login/?next=/admin/ HTTP/1.1" 200 1652
INFO 2019-04-26 09:35:43,630 basehttp 124 "GET /static/admin/css/base.css HTTP/1.1" 200 16066
INFO 2019-04-26 09:35:43,632 basehttp 124 "GET /static/admin/css/login.css HTTP/1.1" 200 1203
INFO 2019-04-26 09:35:43,661 basehttp 124 "GET /static/admin/css/fonts.css HTTP/1.1" 200 423
INFO 2019-04-26 09:35:43,827 basehttp 124 "GET /static/admin/fonts/Roboto-Light-webfont.woff HTTP/1.1" 200 81348
INFO 2019-04-26 09:35:43,832 basehttp 124 "GET /static/admin/fonts/Roboto-Regular-webfont.woff HTTP/1.1" 200 80304
INFO 2019-04-26 09:35:49,523 basehttp 124 "POST /admin/login/?next=/admin/ HTTP/1.1" 302 0
INFO 2019-04-26 09:35:49,625 basehttp 124 "GET /admin/ HTTP/1.1" 200 2991
INFO 2019-04-26 09:35:49,652 basehttp 124 "GET /static/admin/css/dashboard.css HTTP/1.1" 200 412
INFO 2019-04-26 09:35:49,679 basehttp 124 "GET /static/admin/img/icon-changelink.svg HTTP/1.1" 200 380
INFO 2019-04-26 09:35:49,681 basehttp 124 "GET /static/admin/img/icon-addlink.svg HTTP/1.1" 200 331
INFO 2019-04-26 09:35:49,913 basehttp 124 "GET /static/admin/fonts/Roboto-Bold-webfont.woff HTTP/1.1" 200 82564
INFO 2019-04-26 09:35:51,960 basehttp 124 "GET /admin/users/user/ HTTP/1.1" 200 4430
INFO 2019-04-26 09:35:51,990 basehttp 124 "GET /static/admin/css/changelists.css HTTP/1.1" 200 6170
INFO 2019-04-26 09:35:52,001 basehttp 124 "GET /static/admin/js/core.js HTTP/1.1" 200 7976
INFO 2019-04-26 09:35:52,006 basehttp 124 "GET /static/admin/js/actions.js HTTP/1.1" 200 6501
INFO 2019-04-26 09:35:52,019 basehttp 124 "GET /static/admin/js/urlify.js HTTP/1.1" 200 8186
INFO 2019-04-26 09:35:52,020 basehttp 124 "GET /static/admin/js/prepopulate.js HTTP/1.1" 200 1538
INFO 2019-04-26 09:35:52,027 basehttp 124 "GET /static/admin/js/jquery.init.js HTTP/1.1" 200 363
INFO 2019-04-26 09:35:52,037 basehttp 124 "GET /static/admin/js/admin/RelatedObjectLookups.js HTTP/1.1" 200 6591
INFO 2019-04-26 09:35:52,048 basehttp 124 "GET /admin/jsi18n/ HTTP/1.1" 200 7682
INFO 2019-04-26 09:35:52,068 basehttp 124 "GET /static/admin/js/vendor/jquery/jquery.js HTTP/1.1" 200 258648
INFO 2019-04-26 09:35:52,091 basehttp 124 "GET /static/admin/js/vendor/xregexp/xregexp.js HTTP/1.1" 200 128820
INFO 2019-04-26 09:35:52,223 basehttp 124 "GET /static/admin/img/tooltag-add.svg HTTP/1.1" 200 331
INFO 2019-04-26 09:35:59,843 basehttp 124 "GET /admin/users/user/4/change/ HTTP/1.1" 200 13041
INFO 2019-04-26 09:35:59,921 basehttp 124 "GET /static/admin/css/forms.css HTTP/1.1" 200 8173
INFO 2019-04-26 09:35:59,932 basehttp 124 "GET /static/admin/js/calendar.js HTTP/1.1" 200 7790
INFO 2019-04-26 09:35:59,953 basehttp 124 "GET /static/admin/js/admin/DateTimeShortcuts.js HTTP/1.1" 200 20529
INFO 2019-04-26 09:35:59,954 basehttp 124 "GET /static/admin/js/change_form.js HTTP/1.1" 200 712
INFO 2019-04-26 09:35:59,957 basehttp 124 "GET /static/admin/js/prepopulate_init.js HTTP/1.1" 200 495
INFO 2019-04-26 09:35:59,959 basehttp 124 "GET /static/admin/css/widgets.css HTTP/1.1" 200 10340
INFO 2019-04-26 09:35:59,967 basehttp 124 "GET /admin/jsi18n/ HTTP/1.1" 200 7682
INFO 2019-04-26 09:36:00,179 basehttp 124 "GET /static/admin/img/icon-calendar.svg HTTP/1.1" 200 1086
INFO 2019-04-26 09:36:00,181 basehttp 124 "GET /static/admin/img/icon-clock.svg HTTP/1.1" 200 677
INFO 2019-04-26 09:36:29,833 basehttp 124 "GET /admin/users/user/ HTTP/1.1" 200 4430
INFO 2019-04-26 09:36:31,688 basehttp 124 "GET /admin/users/user/5/change/ HTTP/1.1" 200 13096
INFO 2019-04-26 09:36:31,720 basehttp 124 "GET /admin/jsi18n/ HTTP/1.1" 200 7682
INFO 2019-04-26 09:36:45,244 basehttp 124 "GET /admin/ HTTP/1.1" 200 2991
INFO 2019-04-26 09:36:53,328 basehttp 124 "GET /admin/users/user/ HTTP/1.1" 200 4430
INFO 2019-04-26 09:36:53,367 basehttp 124 "GET /admin/jsi18n/ HTTP/1.1" 200 7682
INFO 2019-04-26 09:38:32,849 basehttp 124 "GET /admin/users/user/ HTTP/1.1" 200 4430
INFO 2019-04-26 09:38:32,881 basehttp 124 "GET /admin/jsi18n/ HTTP/1.1" 200 7682
INFO 2019-04-26 09:38:37,498 basehttp 124 "GET /admin/users/user/ HTTP/1.1" 200 4430
INFO 2019-04-26 09:38:37,535 basehttp 124 "GET /admin/jsi18n/ HTTP/1.1" 200 7682
INFO 2019-04-26 09:38:38,219 basehttp 124 "GET /admin/users/user/ HTTP/1.1" 200 4430
INFO 2019-04-26 09:38:38,263 basehttp 124 "GET /admin/jsi18n/ HTTP/1.1" 200 7682
INFO 2019-04-26 09:38:38,562 basehttp 124 "GET /admin/users/user/ HTTP/1.1" 200 4430
INFO 2019-04-26 09:38:38,595 basehttp 124 "GET /admin/jsi18n/ HTTP/1.1" 200 7682
INFO 2019-04-26 09:38:38,762 basehttp 124 "GET /admin/users/user/ HTTP/1.1" 200 4430
INFO 2019-04-26 09:38:38,802 basehttp 124 "GET /admin/jsi18n/ HTTP/1.1" 200 7682
INFO 2019-04-26 09:38:39,011 basehttp 124 "GET /admin/users/user/ HTTP/1.1" 200 4430
INFO 2019-04-26 09:38:39,045 basehttp 124 "GET /admin/jsi18n/ HTTP/1.1" 200 7682
INFO 2019-04-26 09:39:37,549 views 28 图片验证码是AZVG
INFO 2019-04-26 09:39:37,550 basehttp 124 "GET /image_codes/02ac2d20-51e7-49ca-b437-98e47026bb1e/ HTTP/1.1" 200 3628
INFO 2019-04-26 09:40:22,005 basehttp 124 "POST /admin/users/user/ HTTP/1.1" 200 3141
INFO 2019-04-26 09:40:22,045 basehttp 124 "GET /static/admin/js/cancel.js HTTP/1.1" 200 204
INFO 2019-04-26 09:40:23,579 basehttp 124 "POST /admin/users/user/ HTTP/1.1" 302 0
INFO 2019-04-26 09:40:23,639 basehttp 124 "GET /admin/users/user/ HTTP/1.1" 200 4339
INFO 2019-04-26 09:40:23,671 basehttp 124 "GET /admin/jsi18n/ HTTP/1.1" 200 7682
INFO 2019-04-26 09:40:23,713 basehttp 124 "GET /static/admin/img/icon-yes.svg HTTP/1.1" 200 436
INFO 2019-04-26 10:12:57,866 basehttp 124 "GET /admin/users/user/5/change/ HTTP/1.1" 200 13096
INFO 2019-04-26 10:12:57,897 basehttp 124 "GET /admin/jsi18n/ HTTP/1.1" 200 7682
INFO 2019-04-26 10:13:07,968 basehttp 124 "GET /admin/users/ HTTP/1.1" 200 2191
INFO 2019-04-26 10:13:11,088 basehttp 124 "GET /admin/ HTTP/1.1" 200 3274
INFO 2019-04-26 10:13:11,117 basehttp 124 "GET /static/admin/img/icon-deletelink.svg HTTP/1.1" 200 392
INFO 2019-04-26 10:13:17,030 basehttp 124 "GET /admin/users/user/ HTTP/1.1" 200 4213
INFO 2019-04-26 10:13:17,067 basehttp 124 "GET /admin/jsi18n/ HTTP/1.1" 200 7682
INFO 2019-04-26 10:14:15,621 basehttp 124 "GET /usernames/%E5%A4%A7%E5%BC%A0%E4%B8%BA%E5%A4%A7%E5%BC%A0%E4%B8%BA/count/ HTTP/1.1" 200 43
INFO 2019-04-26 10:14:18,425 basehttp 124 "GET /mobiles/16602190828/count/ HTTP/1.1" 200 34
INFO 2019-04-26 10:14:26,806 basehttp 124 "GET /mobiles/16602190828/count/ HTTP/1.1" 200 34
WARNING 2019-04-26 10:14:26,820 basehttp 124 "GET /sms_codes/16602190828/?text=azvg&image_code_id=02ac2d20-51e7-49ca-b437-98e47026bb1e HTTP/1.1" 400 49
INFO 2019-04-26 10:14:28,925 views 28 图片验证码是WAGE
INFO 2019-04-26 10:14:28,925 basehttp 124 "GET /image_codes/03ae9d72-7bc5-4c13-bf5d-765653e8cf44/ HTTP/1.1" 200 3171
INFO 2019-04-26 10:14:35,193 views 53 16602190828的验证码是:813689
INFO 2019-04-26 10:14:35,200 basehttp 124 "GET /mobiles/16602190828/count/ HTTP/1.1" 200 34
INFO 2019-04-26 10:14:35,893 basehttp 124 "GET /sms_codes/16602190828/?text=wage&image_code_id=03ae9d72-7bc5-4c13-bf5d-765653e8cf44 HTTP/1.1" 200 16
INFO 2019-04-26 10:14:57,466 basehttp 124 "OPTIONS /users/ HTTP/1.1" 200 0
INFO 2019-04-26 10:14:57,484 basehttp 124 "GET /usernames/%E5%A4%A7%E5%BC%A0%E4%B8%BA%E5%A4%A7%E5%BC%A0%E4%B8%BA/count/ HTTP/1.1" 200 43
INFO 2019-04-26 10:14:57,488 basehttp 124 "GET /mobiles/16602190828/count/ HTTP/1.1" 200 34
INFO 2019-04-26 10:14:57,554 basehttp 124 "POST /users/ HTTP/1.1" 201 277
INFO 2019-04-26 10:15:05,662 basehttp 124 "GET /admin/users/user/ HTTP/1.1" 200 4443
INFO 2019-04-26 10:15:05,711 basehttp 124 "GET /admin/jsi18n/ HTTP/1.1" 200 7682
INFO 2019-04-26 10:15:07,297 basehttp 124 "GET /admin/users/user/6/change/ HTTP/1.1" 200 13067
INFO 2019-04-26 10:15:07,319 basehttp 124 "GET /admin/jsi18n/ HTTP/1.1" 200 7682
INFO 2019-04-26 11:57:50,031 basehttp 124 "GET /admin/users/user/ HTTP/1.1" 200 4443
INFO 2019-04-26 11:57:50,154 basehttp 124 "GET /admin/jsi18n/ HTTP/1.1" 200 7682
INFO 2019-04-26 11:58:07,253 basehttp 124 "GET /admin/users/user/ HTTP/1.1" 200 4443
INFO 2019-04-26 11:58:07,380 basehttp 124 "GET /admin/jsi18n/ HTTP/1.1" 200 7682
INFO 2019-04-26 11:58:08,405 basehttp 124 "GET /admin/users/user/ HTTP/1.1" 200 4443
INFO 2019-04-26 11:58:08,537 basehttp 124 "GET /admin/jsi18n/ HTTP/1.1" 200 7682
INFO 2019-04-26 11:58:09,574 basehttp 124 "GET /admin/users/user/ HTTP/1.1" 200 4443
INFO 2019-04-26 11:58:09,717 basehttp 124 "GET /admin/jsi18n/ HTTP/1.1" 200 7682
INFO 2019-04-26 11:58:11,436 basehttp 124 "GET /admin/users/ HTTP/1.1" 200 2191
INFO 2019-04-26 11:58:13,653 basehttp 124 "GET /admin/users/user/ HTTP/1.1" 200 4443
INFO 2019-04-26 11:58:13,762 basehttp 124 "GET /admin/jsi18n/ HTTP/1.1" 200 7682
INFO 2019-04-26 11:58:16,128 basehttp 124 "GET /admin/users/user/ HTTP/1.1" 200 4443
INFO 2019-04-26 11:58:16,236 basehttp 124 "GET /admin/jsi18n/ HTTP/1.1" 200 7682
INFO 2019-04-26 11:58:16,496 basehttp 124 "GET /admin/users/user/ HTTP/1.1" 200 4443
INFO 2019-04-26 11:58:16,610 basehttp 124 "GET /admin/jsi18n/ HTTP/1.1" 200 7682
INFO 2019-04-26 11:58:17,371 basehttp 124 "GET /admin/users/user/ HTTP/1.1" 200 4443
INFO 2019-04-26 11:58:17,462 basehttp 124 "GET /admin/jsi18n/ HTTP/1.1" 200 7682
INFO 2019-04-26 11:58:19,817 basehttp 124 "GET /admin/ HTTP/1.1" 200 3274
